<?xml version="1.0" encoding="UTF-8"?>
<testng-results ignored="0" total="2" passed="1" failed="1" skipped="0">
  <reporter-output>
  </reporter-output>
  <suite started-at="2023-02-04T22:57:58 EST" name="Default suite" finished-at="2023-02-04T22:58:21 EST" duration-ms="23261">
    <groups>
    </groups>
    <test started-at="2023-02-04T22:57:58 EST" name="Default test" finished-at="2023-02-04T22:58:21 EST" duration-ms="23261">
      <class name="test.LoginTest">
        <test-method is-config="true" signature="setExtent()[pri:0, instance:test.LoginTest@2f666ebb]" started-at="2023-02-04T22:57:58 EST" name="setExtent" finished-at="2023-02-04T22:57:58 EST" duration-ms="98" status="PASS">
          <reporter-output>
          </reporter-output>
        </test-method> <!-- setExtent -->
        <test-method is-config="true" signature="initialisation()[pri:0, instance:test.LoginTest@2f666ebb]" started-at="2023-02-04T22:57:58 EST" name="initialisation" finished-at="2023-02-04T22:58:00 EST" duration-ms="2212" status="PASS">
          <reporter-output>
          </reporter-output>
        </test-method> <!-- initialisation -->
        <test-method signature="verifyPageTitleTest()[pri:1, instance:test.LoginTest@2f666ebb]" started-at="2023-02-04T22:58:00 EST" name="verifyPageTitleTest" finished-at="2023-02-04T22:58:00 EST" duration-ms="15" status="FAIL">
          <exception class="java.lang.AssertionError">
            <message>
              <![CDATA[expected [Netsweeper ebAdmin] but found [Netsweeper WebAdmin]]]>
            </message>
            <full-stacktrace>
              <![CDATA[java.lang.AssertionError: expected [Netsweeper ebAdmin] but found [Netsweeper WebAdmin]
at org.testng.Assert.fail(Assert.java:99)
at org.testng.Assert.failNotEquals(Assert.java:1037)
at org.testng.Assert.assertEqualsImpl(Assert.java:140)
at org.testng.Assert.assertEquals(Assert.java:122)
at org.testng.Assert.assertEquals(Assert.java:629)
at org.testng.Assert.assertEquals(Assert.java:639)
at test.LoginTest.verifyPageTitleTest(LoginTest.java:17)
at java.base/jdk.internal.reflect.NativeMethodAccessorImpl.invoke0(Native Method)
at java.base/jdk.internal.reflect.NativeMethodAccessorImpl.invoke(NativeMethodAccessorImpl.java:77)
at java.base/jdk.internal.reflect.DelegatingMethodAccessorImpl.invoke(DelegatingMethodAccessorImpl.java:43)
at java.base/java.lang.reflect.Method.invoke(Method.java:568)
at org.testng.internal.MethodInvocationHelper.invokeMethod(MethodInvocationHelper.java:133)
at org.testng.internal.TestInvoker.invokeMethod(TestInvoker.java:598)
at org.testng.internal.TestInvoker.invokeTestMethod(TestInvoker.java:173)
at org.testng.internal.MethodRunner.runInSequence(MethodRunner.java:46)
at org.testng.internal.TestInvoker$MethodInvocationAgent.invoke(TestInvoker.java:824)
at org.testng.internal.TestInvoker.invokeTestMethods(TestInvoker.java:146)
at org.testng.internal.TestMethodWorker.invokeTestMethods(TestMethodWorker.java:146)
at org.testng.internal.TestMethodWorker.run(TestMethodWorker.java:128)
at java.base/java.util.ArrayList.forEach(ArrayList.java:1511)
at org.testng.TestRunner.privateRun(TestRunner.java:794)
at org.testng.TestRunner.run(TestRunner.java:596)
at org.testng.SuiteRunner.runTest(SuiteRunner.java:377)
at org.testng.SuiteRunner.runSequentially(SuiteRunner.java:371)
at org.testng.SuiteRunner.privateRun(SuiteRunner.java:332)
at org.testng.SuiteRunner.run(SuiteRunner.java:276)
at org.testng.SuiteRunnerWorker.runSuite(SuiteRunnerWorker.java:53)
at org.testng.SuiteRunnerWorker.run(SuiteRunnerWorker.java:96)
at org.testng.TestNG.runSuitesSequentially(TestNG.java:1212)
at org.testng.TestNG.runSuitesLocally(TestNG.java:1134)
at org.testng.TestNG.runSuites(TestNG.java:1063)
at org.testng.TestNG.run(TestNG.java:1031)
at org.testng.remote.AbstractRemoteTestNG.run(AbstractRemoteTestNG.java:115)
at org.testng.remote.RemoteTestNG.initAndRun(RemoteTestNG.java:251)
at org.testng.remote.RemoteTestNG.main(RemoteTestNG.java:77)
]]>
            </full-stacktrace>
          </exception> <!-- java.lang.AssertionError -->
          <reporter-output>
          </reporter-output>
        </test-method> <!-- verifyPageTitleTest -->
        <test-method is-config="true" signature="teardown(org.testng.ITestResult)[pri:0, instance:test.LoginTest@2f666ebb]" started-at="2023-02-04T22:58:00 EST" name="teardown" finished-at="2023-02-04T22:58:19 EST" duration-ms="18362" status="PASS">
          <params>
            <param index="0">
              <value>
                <![CDATA[[TestResult name=verifyPageTitleTest status=FAILURE method=LoginTest.verifyPageTitleTest()[pri:1, instance:test.LoginTest@2f666ebb] output={null}]]]>
              </value>
            </param>
          </params>
          <reporter-output>
          </reporter-output>
        </test-method> <!-- teardown -->
        <test-method is-config="true" signature="initialisation()[pri:0, instance:test.LoginTest@2f666ebb]" started-at="2023-02-04T22:58:19 EST" name="initialisation" finished-at="2023-02-04T22:58:20 EST" duration-ms="1340" status="PASS">
          <reporter-output>
          </reporter-output>
        </test-method> <!-- initialisation -->
        <test-method signature="verifyLogo()[pri:2, instance:test.LoginTest@2f666ebb]" started-at="2023-02-04T22:58:20 EST" name="verifyLogo" finished-at="2023-02-04T22:58:21 EST" duration-ms="471" status="PASS">
          <reporter-output>
          </reporter-output>
        </test-method> <!-- verifyLogo -->
        <test-method is-config="true" signature="teardown(org.testng.ITestResult)[pri:0, instance:test.LoginTest@2f666ebb]" started-at="2023-02-04T22:58:21 EST" name="teardown" finished-at="2023-02-04T22:58:21 EST" duration-ms="581" status="PASS">
          <params>
            <param index="0">
              <value>
                <![CDATA[[TestResult name=verifyLogo status=SUCCESS method=LoginTest.verifyLogo()[pri:2, instance:test.LoginTest@2f666ebb] output={null}]]]>
              </value>
            </param>
          </params>
          <reporter-output>
          </reporter-output>
        </test-method> <!-- teardown -->
        <test-method is-config="true" signature="endReport()[pri:0, instance:test.LoginTest@2f666ebb]" started-at="2023-02-04T22:58:21 EST" name="endReport" finished-at="2023-02-04T22:58:21 EST" duration-ms="164" status="PASS">
          <reporter-output>
          </reporter-output>
        </test-method> <!-- endReport -->
      </class> <!-- test.LoginTest -->
    </test> <!-- Default test -->
  </suite> <!-- Default suite -->
</testng-results>
